<?xml version="1.0" encoding="utf-8"?><testsuites><testsuite name="pytest" errors="0" failures="0" skipped="0" tests="0" time="0.023" timestamp="2023-11-24T14:11:35.440493" hostname="DESKTOP-PHRBRLJ" /></testsuites>